0 info it worked if it ends with ok
1 verbose cli [ '/opt/local/bin/node',
1 verbose cli   '/opt/local/bin/npm',
1 verbose cli   'install',
1 verbose cli   'html5Forms' ]
2 info using npm@2.11.2
3 info using node@v0.12.4
4 verbose install initial load of /Users/dev-galan/Documents/rvagamejams.com/package.json
5 verbose installManyTop reading scoped package data from /Users/dev-galan/Documents/rvagamejams.com/node_modules/modernizr/package.json
6 verbose installManyTop reading scoped package data from /Users/dev-galan/Documents/rvagamejams.com/node_modules/ractive/package.json
7 verbose installManyTop reading scoped package data from /Users/dev-galan/Documents/rvagamejams.com/node_modules/rollup-plugin-ractive/package.json
8 verbose installManyTop reading scoped package data from /Users/dev-galan/Documents/rvagamejams.com/node_modules/superagent/package.json
9 info package.json ractive@0.7.3 No license field.
10 verbose readDependencies loading dependencies from /Users/dev-galan/Documents/rvagamejams.com/package.json
11 silly cache add args [ 'html5Forms', null ]
12 verbose cache add spec html5Forms
13 silly cache add parsed spec { raw: 'html5Forms',
13 silly cache add   scope: null,
13 silly cache add   name: 'html5Forms',
13 silly cache add   rawSpec: '',
13 silly cache add   spec: '*',
13 silly cache add   type: 'range' }
14 silly addNamed html5Forms@*
15 verbose addNamed "*" is a valid semver range for html5Forms
16 silly addNameRange { name: 'html5Forms', range: '*', hasData: false }
17 silly mapToRegistry name html5Forms
18 silly mapToRegistry using default registry
19 silly mapToRegistry registry https://registry.npmjs.org/
20 silly mapToRegistry uri https://registry.npmjs.org/html5Forms
21 verbose addNameRange registry:https://registry.npmjs.org/html5Forms not in flight; fetching
22 verbose request uri https://registry.npmjs.org/html5Forms
23 verbose request no auth needed
24 info attempt registry request try #1 at 10:46:28 AM
25 verbose request id 20c30f6254d44b1e
26 http request GET https://registry.npmjs.org/html5Forms
27 http 404 https://registry.npmjs.org/html5Forms
28 verbose headers { 'content-type': 'application/json',
28 verbose headers   'cache-control': 'max-age=0',
28 verbose headers   'content-length': '2',
28 verbose headers   'accept-ranges': 'bytes',
28 verbose headers   date: 'Mon, 16 May 2016 14:46:26 GMT',
28 verbose headers   via: '1.1 varnish',
28 verbose headers   age: '0',
28 verbose headers   connection: 'keep-alive',
28 verbose headers   'x-served-by': 'cache-jfk1033-JFK',
28 verbose headers   'x-cache': 'MISS',
28 verbose headers   'x-cache-hits': '0',
28 verbose headers   'x-timer': 'S1463409986.967758,VS0,VE24',
28 verbose headers   vary: 'Accept-Encoding' }
29 silly get cb [ 404,
29 silly get   { 'content-type': 'application/json',
29 silly get     'cache-control': 'max-age=0',
29 silly get     'content-length': '2',
29 silly get     'accept-ranges': 'bytes',
29 silly get     date: 'Mon, 16 May 2016 14:46:26 GMT',
29 silly get     via: '1.1 varnish',
29 silly get     age: '0',
29 silly get     connection: 'keep-alive',
29 silly get     'x-served-by': 'cache-jfk1033-JFK',
29 silly get     'x-cache': 'MISS',
29 silly get     'x-cache-hits': '0',
29 silly get     'x-timer': 'S1463409986.967758,VS0,VE24',
29 silly get     vary: 'Accept-Encoding' } ]
30 verbose stack Error: Registry returned 404 for GET on https://registry.npmjs.org/html5Forms
30 verbose stack     at CachingRegistryClient.<anonymous> (/opt/local/lib/node_modules/npm/node_modules/npm-registry-client/lib/request.js:239:14)
30 verbose stack     at Request._callback (/opt/local/lib/node_modules/npm/node_modules/npm-registry-client/lib/request.js:170:14)
30 verbose stack     at Request.self.callback (/opt/local/lib/node_modules/npm/node_modules/request/request.js:354:22)
30 verbose stack     at Request.emit (events.js:110:17)
30 verbose stack     at Request.<anonymous> (/opt/local/lib/node_modules/npm/node_modules/request/request.js:1207:14)
30 verbose stack     at Request.emit (events.js:129:20)
30 verbose stack     at IncomingMessage.<anonymous> (/opt/local/lib/node_modules/npm/node_modules/request/request.js:1153:12)
30 verbose stack     at IncomingMessage.emit (events.js:129:20)
30 verbose stack     at _stream_readable.js:908:16
30 verbose stack     at process._tickCallback (node.js:355:11)
31 verbose statusCode 404
32 verbose pkgid html5Forms
33 verbose cwd /Users/dev-galan/Documents/rvagamejams.com
34 error Darwin 15.4.0
35 error argv "/opt/local/bin/node" "/opt/local/bin/npm" "install" "html5Forms"
36 error node v0.12.4
37 error npm  v2.11.2
38 error code E404
39 error 404 Registry returned 404 for GET on https://registry.npmjs.org/html5Forms
39 error 404
39 error 404 'html5Forms' is not in the npm registry.
39 error 404 Your package name is not valid, because
39 error 404
39 error 404  1. name can no longer contain capital letters
39 error 404 It was specified as a dependency of 'rvagamejams.com'
39 error 404
39 error 404 Note that you can also install from a
39 error 404 tarball, folder, http url, or git url.
40 verbose exit [ 1, true ]
